1642170043.608999 client started (26921): version 3.0a, socket /tmp/tmux-1000/default, protocol 8
1642170043.609058 on Linux 5.10.0-1055-oem #58-Ubuntu SMP Thu Jan 6 20:44:40 UTC 2022; libevent 2.1.11-stable (poll)
1642170043.609094 socket is /tmp/tmux-1000/default
1642170043.609120 trying connect
1642170043.609268 add peer 0x55830e017390: 6 ((nil))
1642170043.609483 sending message 100 to peer 0x55830e017390 (4 bytes)
1642170043.609519 sending message 101 to peer 0x55830e017390 (15 bytes)
1642170043.609533 sending message 102 to peer 0x55830e017390 (11 bytes)
1642170043.609544 sending message 108 to peer 0x55830e017390 (40 bytes)
1642170043.609556 sending message 104 to peer 0x55830e017390 (0 bytes)
1642170043.609568 sending message 107 to peer 0x55830e017390 (4 bytes)
1642170043.609578 sending message 105 to peer 0x55830e017390 (16 bytes)
1642170043.609589 sending message 105 to peer 0x55830e017390 (100 bytes)
1642170043.609599 sending message 105 to peer 0x55830e017390 (19 bytes)
1642170043.609611 sending message 105 to peer 0x55830e017390 (20 bytes)
1642170043.609622 sending message 105 to peer 0x55830e017390 (45 bytes)
1642170043.609633 sending message 105 to peer 0x55830e017390 (23 bytes)
1642170043.609643 sending message 105 to peer 0x55830e017390 (44 bytes)
1642170043.609654 sending message 105 to peer 0x55830e017390 (16 bytes)
1642170043.609664 sending message 105 to peer 0x55830e017390 (23 bytes)
1642170043.609674 sending message 105 to peer 0x55830e017390 (32 bytes)
1642170043.609684 sending message 105 to peer 0x55830e017390 (20 bytes)
1642170043.609695 sending message 105 to peer 0x55830e017390 (41 bytes)
1642170043.609706 sending message 105 to peer 0x55830e017390 (20 bytes)
1642170043.609716 sending message 105 to peer 0x55830e017390 (23 bytes)
1642170043.609727 sending message 105 to peer 0x55830e017390 (24 bytes)
1642170043.609737 sending message 105 to peer 0x55830e017390 (19 bytes)
1642170043.609747 sending message 105 to peer 0x55830e017390 (28 bytes)
1642170043.609757 sending message 105 to peer 0x55830e017390 (44 bytes)
1642170043.609767 sending message 105 to peer 0x55830e017390 (17 bytes)
1642170043.609778 sending message 105 to peer 0x55830e017390 (27 bytes)
1642170043.609788 sending message 105 to peer 0x55830e017390 (21 bytes)
1642170043.609821 sending message 105 to peer 0x55830e017390 (52 bytes)
1642170043.609834 sending message 105 to peer 0x55830e017390 (41 bytes)
1642170043.609845 sending message 105 to peer 0x55830e017390 (33 bytes)
1642170043.609855 sending message 105 to peer 0x55830e017390 (13 bytes)
1642170043.609865 sending message 105 to peer 0x55830e017390 (20 bytes)
1642170043.609876 sending message 105 to peer 0x55830e017390 (18 bytes)
1642170043.609886 sending message 105 to peer 0x55830e017390 (18 bytes)
1642170043.609897 sending message 105 to peer 0x55830e017390 (21 bytes)
1642170043.609908 sending message 105 to peer 0x55830e017390 (17 bytes)
1642170043.609920 sending message 105 to peer 0x55830e017390 (1506 bytes)
1642170043.609933 sending message 105 to peer 0x55830e017390 (33 bytes)
1642170043.609943 sending message 105 to peer 0x55830e017390 (17 bytes)
1642170043.609954 sending message 105 to peer 0x55830e017390 (86 bytes)
1642170043.609965 sending message 105 to peer 0x55830e017390 (47 bytes)
1642170043.609975 sending message 105 to peer 0x55830e017390 (16 bytes)
1642170043.609986 sending message 105 to peer 0x55830e017390 (24 bytes)
1642170043.609997 sending message 105 to peer 0x55830e017390 (34 bytes)
1642170043.610007 sending message 105 to peer 0x55830e017390 (23 bytes)
1642170043.610018 sending message 105 to peer 0x55830e017390 (20 bytes)
1642170043.610028 sending message 105 to peer 0x55830e017390 (30 bytes)
1642170043.610038 sending message 105 to peer 0x55830e017390 (32 bytes)
1642170043.610048 sending message 105 to peer 0x55830e017390 (14 bytes)
1642170043.610059 sending message 105 to peer 0x55830e017390 (30 bytes)
1642170043.610070 sending message 105 to peer 0x55830e017390 (9 bytes)
1642170043.610081 sending message 105 to peer 0x55830e017390 (11 bytes)
1642170043.610091 sending message 105 to peer 0x55830e017390 (8 bytes)
1642170043.610119 sending message 105 to peer 0x55830e017390 (25 bytes)
1642170043.610130 sending message 105 to peer 0x55830e017390 (18 bytes)
1642170043.610139 sending message 105 to peer 0x55830e017390 (27 bytes)
1642170043.610149 sending message 105 to peer 0x55830e017390 (31 bytes)
1642170043.610160 sending message 105 to peer 0x55830e017390 (20 bytes)
1642170043.610170 sending message 105 to peer 0x55830e017390 (23 bytes)
1642170043.610180 sending message 105 to peer 0x55830e017390 (85 bytes)
1642170043.610191 sending message 105 to peer 0x55830e017390 (188 bytes)
1642170043.610201 sending message 105 to peer 0x55830e017390 (18 bytes)
1642170043.610211 sending message 105 to peer 0x55830e017390 (54 bytes)
1642170043.610220 sending message 105 to peer 0x55830e017390 (31 bytes)
1642170043.610230 sending message 105 to peer 0x55830e017390 (23 bytes)
1642170043.610240 sending message 105 to peer 0x55830e017390 (30 bytes)
1642170043.610250 sending message 105 to peer 0x55830e017390 (16 bytes)
1642170043.610260 sending message 106 to peer 0x55830e017390 (0 bytes)
1642170043.610270 sending message 200 to peer 0x55830e017390 (4 bytes)
1642170043.610279 client loop enter
1642170043.615394 peer 0x55830e017390 message 207
1642170043.615437 sending message 208 to peer 0x55830e017390 (0 bytes)
1642170068.783180 peer 0x55830e017390 message 214
1642170280.550221 sending message 205 to peer 0x55830e017390 (0 bytes)
1642170280.550304 sending message 205 to peer 0x55830e017390 (0 bytes)
1642170280.550335 sending message 216 to peer 0x55830e017390 (0 bytes)
1642170280.551416 peer 0x55830e017390 message 204
1642170280.551478 peer 0x55830e017390 message 204
1642170280.551505 client loop exit
